2015-04-05 14:27:24.765 DEBUG generator.util.NameGetter 34 getNames - bussnesspackagename[com.bxb.modules.infrastructure]
2015-04-05 14:27:24.766 DEBUG generator.util.NameGetter 38 getNames - bussnessmodule[infrastructure]
2015-04-05 14:27:24.766 DEBUG generator.util.NameGetter 76 getNames - servicezhujiename[sysConstService]
2015-04-05 14:27:24.776 DEBUG generator.generators.backend.GenDao 50 genDaoFile - 
生成Dao完毕
F:\bx\gen\SysConstDao.java
2015-04-05 14:27:24.779 DEBUG generator.util.NameGetter 34 getNames - bussnesspackagename[com.bxb.modules.infrastructure]
2015-04-05 14:27:24.779 DEBUG generator.util.NameGetter 38 getNames - bussnessmodule[infrastructure]
2015-04-05 14:27:24.779 DEBUG generator.util.NameGetter 76 getNames - servicezhujiename[sysConstService]
2015-04-05 14:27:24.780 DEBUG generator.generators.backend.GenService 41 genInterface - data
{detailfilename=detail.jsp, servicename=SysConstService, controllerfilename=SysConstController.java, controllerpackagename=com.bxb.modules.infrastructure.controller, daofilename=SysConstDao.java, addfilename=add.jsp, serviceinterfacename=ISysConstService, domainfullname=com.bxb.modules.infrastructure.model.SysConst, serviceinterfacefullname=com.bxb.modules.infrastructure.service.ISysConstService, daozhujiename=sysconstdao, updatefilename=update.jsp, servicepackagename=com.bxb.modules.infrastructure.service, bussnessmodule=infrastructure, servicefilename=SysConstService.java, collectionname=sysconst, listjsfilename=list.js, bussnesdomainnameL=sysconst, bussnesspackagename=com.bxb.modules.infrastructure, servicezhujiename=sysConstService, listfilename=list.jsp, servicefullname=com.bxb.modules.infrastructure.service.SysConstService, daofullname=com.bxb.modules.infrastructure.dao.SysConstDao, daopackagename=com.bxb.modules.infrastructure.dao, bussnesdomainname=SysConst, daoname=SysConstDao, controllername=SysConstController, serviceinterfacefilename=ISysConstService.java}
2015-04-05 14:27:24.781 DEBUG generator.generators.backend.GenService 53 genInterface - 
生成文件完毕
F:\bx\gen\ISysConstService.java
2015-04-05 14:27:24.787 DEBUG generator.util.NameGetter 34 getNames - bussnesspackagename[com.bxb.modules.infrastructure]
2015-04-05 14:27:24.787 DEBUG generator.util.NameGetter 38 getNames - bussnessmodule[infrastructure]
2015-04-05 14:27:24.788 DEBUG generator.util.NameGetter 76 getNames - servicezhujiename[sysConstService]
2015-04-05 14:27:24.788 DEBUG generator.generators.backend.GenService 64 genService - data
{detailfilename=detail.jsp, servicename=SysConstService, controllerfilename=SysConstController.java, controllerpackagename=com.bxb.modules.infrastructure.controller, daofilename=SysConstDao.java, addfilename=add.jsp, serviceinterfacename=ISysConstService, domainfullname=com.bxb.modules.infrastructure.model.SysConst, serviceinterfacefullname=com.bxb.modules.infrastructure.service.ISysConstService, daozhujiename=sysconstdao, updatefilename=update.jsp, servicepackagename=com.bxb.modules.infrastructure.service, bussnessmodule=infrastructure, servicefilename=SysConstService.java, collectionname=sysconst, listjsfilename=list.js, bussnesdomainnameL=sysconst, bussnesspackagename=com.bxb.modules.infrastructure, servicezhujiename=sysConstService, listfilename=list.jsp, servicefullname=com.bxb.modules.infrastructure.service.SysConstService, daofullname=com.bxb.modules.infrastructure.dao.SysConstDao, daopackagename=com.bxb.modules.infrastructure.dao, bussnesdomainname=SysConst, daoname=SysConstDao, controllername=SysConstController, serviceinterfacefilename=ISysConstService.java}
2015-04-05 14:27:24.789 DEBUG generator.generators.backend.GenService 76 genService - 
生成文件完毕
F:\bx\gen\SysConstService.java
2015-04-05 14:27:24.807 DEBUG generator.util.NameGetter 34 getNames - bussnesspackagename[com.bxb.modules.infrastructure]
2015-04-05 14:27:24.807 DEBUG generator.util.NameGetter 38 getNames - bussnessmodule[infrastructure]
2015-04-05 14:27:24.807 DEBUG generator.util.NameGetter 76 getNames - servicezhujiename[sysConstService]
2015-04-05 14:27:24.808 DEBUG generator.generators.backend.GenController 57 genController - data
{detailfilename=detail.jsp, servicename=SysConstService, controllerfilename=SysConstController.java, jspfoldername=admin, controllerpackagename=com.bxb.modules.infrastructure.controller, domainname=常量, daofilename=SysConstDao.java, addfilename=add.jsp, serviceinterfacename=ISysConstService, domainfullname=com.bxb.modules.infrastructure.model.SysConst, serviceinterfacefullname=com.bxb.modules.infrastructure.service.ISysConstService, daozhujiename=sysconstdao, updatefilename=update.jsp, servicepackagename=com.bxb.modules.infrastructure.service, bussnessmodule=infrastructure, servicefilename=SysConstService.java, collectionname=sysconst, listjsfilename=list.js, bussnesdomainnameL=sysconst, bussnesspackagename=com.bxb.modules.infrastructure, servicezhujiename=sysConstService, listfilename=list.jsp, servicefullname=com.bxb.modules.infrastructure.service.SysConstService, daofullname=com.bxb.modules.infrastructure.dao.SysConstDao, daopackagename=com.bxb.modules.infrastructure.dao, bussnesdomainname=SysConst, daoname=SysConstDao, controllerparentpath=backend, controllername=SysConstController, serviceinterfacefilename=ISysConstService.java}
2015-04-05 14:27:24.810 DEBUG generator.generators.backend.GenController 69 genController - 
生成文件完毕
F:\bx\gen\SysConstController.java
2015-04-05 14:27:24.856 DEBUG generator.util.NameGetter 34 getNames - bussnesspackagename[com.bxb.modules.infrastructure]
2015-04-05 14:27:24.856 DEBUG generator.util.NameGetter 38 getNames - bussnessmodule[infrastructure]
2015-04-05 14:27:24.857 DEBUG generator.util.NameGetter 76 getNames - servicezhujiename[sysConstService]
2015-04-05 14:27:24.857 DEBUG generator.generators.front.GenAddJsp 57 genFile - data
{detailfilename=detail.jsp, servicename=SysConstService, controllerfilename=SysConstController.java, jspfoldername=admin, controllerpackagename=com.bxb.modules.infrastructure.controller, domainname=常量, daofilename=SysConstDao.java, addfilename=add.jsp, serviceinterfacename=ISysConstService, domainfullname=com.bxb.modules.infrastructure.model.SysConst, fields={val=常量值, dspval=常量显示值, typename=常量类型, valordernum=常量值顺序号, type=常量类型码}, serviceinterfacefullname=com.bxb.modules.infrastructure.service.ISysConstService, daozhujiename=sysconstdao, updatefilename=update.jsp, servicepackagename=com.bxb.modules.infrastructure.service, bussnessmodule=infrastructure, servicefilename=SysConstService.java, collectionname=sysconst, listjsfilename=list.js, bussnesdomainnameL=sysconst, bussnesspackagename=com.bxb.modules.infrastructure, servicezhujiename=sysConstService, listfilename=list.jsp, servicefullname=com.bxb.modules.infrastructure.service.SysConstService, daofullname=com.bxb.modules.infrastructure.dao.SysConstDao, daopackagename=com.bxb.modules.infrastructure.dao, bussnesdomainname=SysConst, daoname=SysConstDao, controllerparentpath=backend, controllername=SysConstController, serviceinterfacefilename=ISysConstService.java}
2015-04-05 14:27:24.860 DEBUG generator.generators.front.GenAddJsp 69 genFile - 
生成文件完毕
F:\bx\gen\add.jsp
2015-04-05 14:27:24.865 DEBUG generator.util.NameGetter 34 getNames - bussnesspackagename[com.bxb.modules.infrastructure]
2015-04-05 14:27:24.865 DEBUG generator.util.NameGetter 38 getNames - bussnessmodule[infrastructure]
2015-04-05 14:27:24.866 DEBUG generator.util.NameGetter 76 getNames - servicezhujiename[sysConstService]
2015-04-05 14:27:24.866 DEBUG generator.generators.front.GenEditJsp 57 genFile - data
{detailfilename=detail.jsp, servicename=SysConstService, controllerfilename=SysConstController.java, jspfoldername=admin, controllerpackagename=com.bxb.modules.infrastructure.controller, domainname=常量, daofilename=SysConstDao.java, addfilename=add.jsp, serviceinterfacename=ISysConstService, domainfullname=com.bxb.modules.infrastructure.model.SysConst, fields={val=常量值, dspval=常量显示值, typename=常量类型, valordernum=常量值顺序号, type=常量类型码}, serviceinterfacefullname=com.bxb.modules.infrastructure.service.ISysConstService, daozhujiename=sysconstdao, updatefilename=update.jsp, servicepackagename=com.bxb.modules.infrastructure.service, bussnessmodule=infrastructure, servicefilename=SysConstService.java, collectionname=sysconst, listjsfilename=list.js, bussnesdomainnameL=sysconst, bussnesspackagename=com.bxb.modules.infrastructure, servicezhujiename=sysConstService, listfilename=list.jsp, servicefullname=com.bxb.modules.infrastructure.service.SysConstService, daofullname=com.bxb.modules.infrastructure.dao.SysConstDao, daopackagename=com.bxb.modules.infrastructure.dao, bussnesdomainname=SysConst, daoname=SysConstDao, controllerparentpath=backend, controllername=SysConstController, serviceinterfacefilename=ISysConstService.java}
2015-04-05 14:27:24.868 DEBUG generator.generators.front.GenEditJsp 69 genFile - 
生成文件完毕
F:\bx\gen\update.jsp
2015-04-05 14:27:24.870 DEBUG generator.util.NameGetter 34 getNames - bussnesspackagename[com.bxb.modules.infrastructure]
2015-04-05 14:27:24.870 DEBUG generator.util.NameGetter 38 getNames - bussnessmodule[infrastructure]
2015-04-05 14:27:24.871 DEBUG generator.util.NameGetter 76 getNames - servicezhujiename[sysConstService]
2015-04-05 14:27:24.871 DEBUG generator.generators.front.GenDetailJsp 56 genFile - data
{detailfilename=detail.jsp, servicename=SysConstService, controllerfilename=SysConstController.java, jspfoldername=admin, controllerpackagename=com.bxb.modules.infrastructure.controller, domainname=常量, daofilename=SysConstDao.java, addfilename=add.jsp, serviceinterfacename=ISysConstService, domainfullname=com.bxb.modules.infrastructure.model.SysConst, fields={val=常量值, dspval=常量显示值, typename=常量类型, valordernum=常量值顺序号, type=常量类型码}, serviceinterfacefullname=com.bxb.modules.infrastructure.service.ISysConstService, daozhujiename=sysconstdao, updatefilename=update.jsp, servicepackagename=com.bxb.modules.infrastructure.service, bussnessmodule=infrastructure, servicefilename=SysConstService.java, collectionname=sysconst, listjsfilename=list.js, bussnesdomainnameL=sysconst, bussnesspackagename=com.bxb.modules.infrastructure, servicezhujiename=sysConstService, listfilename=list.jsp, servicefullname=com.bxb.modules.infrastructure.service.SysConstService, daofullname=com.bxb.modules.infrastructure.dao.SysConstDao, daopackagename=com.bxb.modules.infrastructure.dao, bussnesdomainname=SysConst, daoname=SysConstDao, controllerparentpath=backend, controllername=SysConstController, serviceinterfacefilename=ISysConstService.java}
2015-04-05 14:27:24.872 DEBUG generator.generators.front.GenDetailJsp 68 genFile - 
生成文件完毕
F:\bx\gen\detail.jsp
2015-04-05 14:27:24.875 DEBUG generator.util.NameGetter 34 getNames - bussnesspackagename[com.bxb.modules.infrastructure]
2015-04-05 14:27:24.876 DEBUG generator.util.NameGetter 38 getNames - bussnessmodule[infrastructure]
2015-04-05 14:27:24.876 DEBUG generator.util.NameGetter 76 getNames - servicezhujiename[sysConstService]
2015-04-05 14:27:24.876 DEBUG generator.generators.front.GenListJsp 56 genFile - data
{detailfilename=detail.jsp, servicename=SysConstService, controllerfilename=SysConstController.java, jspfoldername=admin, controllerpackagename=com.bxb.modules.infrastructure.controller, domainname=常量, daofilename=SysConstDao.java, addfilename=add.jsp, serviceinterfacename=ISysConstService, domainfullname=com.bxb.modules.infrastructure.model.SysConst, fields={val=常量值, dspval=常量显示值, typename=常量类型, valordernum=常量值顺序号, type=常量类型码}, serviceinterfacefullname=com.bxb.modules.infrastructure.service.ISysConstService, daozhujiename=sysconstdao, updatefilename=update.jsp, servicepackagename=com.bxb.modules.infrastructure.service, bussnessmodule=infrastructure, servicefilename=SysConstService.java, collectionname=sysconst, listjsfilename=list.js, bussnesdomainnameL=sysconst, bussnesspackagename=com.bxb.modules.infrastructure, servicezhujiename=sysConstService, listfilename=list.jsp, servicefullname=com.bxb.modules.infrastructure.service.SysConstService, daofullname=com.bxb.modules.infrastructure.dao.SysConstDao, daopackagename=com.bxb.modules.infrastructure.dao, bussnesdomainname=SysConst, daoname=SysConstDao, controllerparentpath=backend, controllername=SysConstController, serviceinterfacefilename=ISysConstService.java}
2015-04-05 14:27:24.933 DEBUG generator.generators.front.GenListJsp 68 genFile - 
生成文件完毕
F:\bx\gen\list.jsp
2015-04-05 14:27:24.952 DEBUG generator.util.NameGetter 34 getNames - bussnesspackagename[com.bxb.modules.infrastructure]
2015-04-05 14:27:24.953 DEBUG generator.util.NameGetter 38 getNames - bussnessmodule[infrastructure]
2015-04-05 14:27:24.953 DEBUG generator.util.NameGetter 76 getNames - servicezhujiename[sysConstService]
2015-04-05 14:27:24.955 DEBUG generator.generators.front.GenListJs 56 genFile - data
{detailfilename=detail.jsp, servicename=SysConstService, controllerfilename=SysConstController.java, jspfoldername=admin, controllerpackagename=com.bxb.modules.infrastructure.controller, domainname=常量, daofilename=SysConstDao.java, addfilename=add.jsp, serviceinterfacename=ISysConstService, domainfullname=com.bxb.modules.infrastructure.model.SysConst, fields={val=常量值, dspval=常量显示值, typename=常量类型, valordernum=常量值顺序号, type=常量类型码}, serviceinterfacefullname=com.bxb.modules.infrastructure.service.ISysConstService, daozhujiename=sysconstdao, updatefilename=update.jsp, servicepackagename=com.bxb.modules.infrastructure.service, bussnessmodule=infrastructure, servicefilename=SysConstService.java, collectionname=sysconst, listjsfilename=list.js, bussnesdomainnameL=sysconst, bussnesspackagename=com.bxb.modules.infrastructure, servicezhujiename=sysConstService, listfilename=list.jsp, servicefullname=com.bxb.modules.infrastructure.service.SysConstService, daofullname=com.bxb.modules.infrastructure.dao.SysConstDao, daopackagename=com.bxb.modules.infrastructure.dao, bussnesdomainname=SysConst, daoname=SysConstDao, controllerparentpath=backend, controllername=SysConstController, serviceinterfacefilename=ISysConstService.java}
2015-04-05 14:27:24.960 DEBUG generator.generators.front.GenListJs 68 genFile - 
生成文件完毕
F:\bx\gen\list.js
2015-04-05 14:27:24.961 INFO  generator.generators.AllGenerator 44 main - 生成所有文件完毕！
2015-04-05 14:27:44.441 DEBUG generator.util.NameGetter 34 getNames - bussnesspackagename[com.bxb.modules.infrastructure]
2015-04-05 14:27:44.442 DEBUG generator.util.NameGetter 38 getNames - bussnessmodule[infrastructure]
2015-04-05 14:27:44.442 DEBUG generator.util.NameGetter 76 getNames - servicezhujiename[sysConstService]
2015-04-05 14:27:44.452 DEBUG generator.generators.backend.GenDao 50 genDaoFile - 
生成Dao完毕
F:\bx\gen\SysConstDao.java
2015-04-05 14:27:44.455 DEBUG generator.util.NameGetter 34 getNames - bussnesspackagename[com.bxb.modules.infrastructure]
2015-04-05 14:27:44.455 DEBUG generator.util.NameGetter 38 getNames - bussnessmodule[infrastructure]
2015-04-05 14:27:44.456 DEBUG generator.util.NameGetter 76 getNames - servicezhujiename[sysConstService]
2015-04-05 14:27:44.456 DEBUG generator.generators.backend.GenService 41 genInterface - data
{detailfilename=detail.jsp, servicename=SysConstService, controllerfilename=SysConstController.java, controllerpackagename=com.bxb.modules.infrastructure.controller, daofilename=SysConstDao.java, addfilename=add.jsp, serviceinterfacename=ISysConstService, domainfullname=com.bxb.modules.infrastructure.model.SysConst, serviceinterfacefullname=com.bxb.modules.infrastructure.service.ISysConstService, daozhujiename=sysconstdao, updatefilename=update.jsp, servicepackagename=com.bxb.modules.infrastructure.service, bussnessmodule=infrastructure, servicefilename=SysConstService.java, collectionname=sysconst, listjsfilename=list.js, bussnesdomainnameL=sysconst, bussnesspackagename=com.bxb.modules.infrastructure, servicezhujiename=sysConstService, listfilename=list.jsp, servicefullname=com.bxb.modules.infrastructure.service.SysConstService, daofullname=com.bxb.modules.infrastructure.dao.SysConstDao, daopackagename=com.bxb.modules.infrastructure.dao, bussnesdomainname=SysConst, daoname=SysConstDao, controllername=SysConstController, serviceinterfacefilename=ISysConstService.java}
2015-04-05 14:27:44.457 DEBUG generator.generators.backend.GenService 53 genInterface - 
生成文件完毕
F:\bx\gen\ISysConstService.java
2015-04-05 14:27:44.463 DEBUG generator.util.NameGetter 34 getNames - bussnesspackagename[com.bxb.modules.infrastructure]
2015-04-05 14:27:44.463 DEBUG generator.util.NameGetter 38 getNames - bussnessmodule[infrastructure]
2015-04-05 14:27:44.464 DEBUG generator.util.NameGetter 76 getNames - servicezhujiename[sysConstService]
2015-04-05 14:27:44.464 DEBUG generator.generators.backend.GenService 64 genService - data
{detailfilename=detail.jsp, servicename=SysConstService, controllerfilename=SysConstController.java, controllerpackagename=com.bxb.modules.infrastructure.controller, daofilename=SysConstDao.java, addfilename=add.jsp, serviceinterfacename=ISysConstService, domainfullname=com.bxb.modules.infrastructure.model.SysConst, serviceinterfacefullname=com.bxb.modules.infrastructure.service.ISysConstService, daozhujiename=sysconstdao, updatefilename=update.jsp, servicepackagename=com.bxb.modules.infrastructure.service, bussnessmodule=infrastructure, servicefilename=SysConstService.java, collectionname=sysconst, listjsfilename=list.js, bussnesdomainnameL=sysconst, bussnesspackagename=com.bxb.modules.infrastructure, servicezhujiename=sysConstService, listfilename=list.jsp, servicefullname=com.bxb.modules.infrastructure.service.SysConstService, daofullname=com.bxb.modules.infrastructure.dao.SysConstDao, daopackagename=com.bxb.modules.infrastructure.dao, bussnesdomainname=SysConst, daoname=SysConstDao, controllername=SysConstController, serviceinterfacefilename=ISysConstService.java}
2015-04-05 14:27:44.465 DEBUG generator.generators.backend.GenService 76 genService - 
生成文件完毕
F:\bx\gen\SysConstService.java
2015-04-05 14:27:44.484 DEBUG generator.util.NameGetter 34 getNames - bussnesspackagename[com.bxb.modules.infrastructure]
2015-04-05 14:27:44.485 DEBUG generator.util.NameGetter 38 getNames - bussnessmodule[infrastructure]
2015-04-05 14:27:44.485 DEBUG generator.util.NameGetter 76 getNames - servicezhujiename[sysConstService]
2015-04-05 14:27:44.486 DEBUG generator.generators.backend.GenController 57 genController - data
{detailfilename=detail.jsp, servicename=SysConstService, controllerfilename=SysConstController.java, jspfoldername=admin, controllerpackagename=com.bxb.modules.infrastructure.controller, domainname=常量, daofilename=SysConstDao.java, addfilename=add.jsp, serviceinterfacename=ISysConstService, domainfullname=com.bxb.modules.infrastructure.model.SysConst, serviceinterfacefullname=com.bxb.modules.infrastructure.service.ISysConstService, daozhujiename=sysconstdao, updatefilename=update.jsp, servicepackagename=com.bxb.modules.infrastructure.service, bussnessmodule=infrastructure, servicefilename=SysConstService.java, collectionname=sysconst, listjsfilename=list.js, bussnesdomainnameL=sysconst, bussnesspackagename=com.bxb.modules.infrastructure, servicezhujiename=sysConstService, listfilename=list.jsp, servicefullname=com.bxb.modules.infrastructure.service.SysConstService, daofullname=com.bxb.modules.infrastructure.dao.SysConstDao, daopackagename=com.bxb.modules.infrastructure.dao, bussnesdomainname=SysConst, daoname=SysConstDao, controllerparentpath=backend, controllername=SysConstController, serviceinterfacefilename=ISysConstService.java}
2015-04-05 14:27:44.488 DEBUG generator.generators.backend.GenController 69 genController - 
生成文件完毕
F:\bx\gen\SysConstController.java
2015-04-05 14:27:44.533 DEBUG generator.util.NameGetter 34 getNames - bussnesspackagename[com.bxb.modules.infrastructure]
2015-04-05 14:27:44.533 DEBUG generator.util.NameGetter 38 getNames - bussnessmodule[infrastructure]
2015-04-05 14:27:44.533 DEBUG generator.util.NameGetter 76 getNames - servicezhujiename[sysConstService]
2015-04-05 14:27:44.534 DEBUG generator.generators.front.GenAddJsp 57 genFile - data
{detailfilename=detail.jsp, servicename=SysConstService, controllerfilename=SysConstController.java, jspfoldername=admin, controllerpackagename=com.bxb.modules.infrastructure.controller, domainname=常量, daofilename=SysConstDao.java, addfilename=add.jsp, serviceinterfacename=ISysConstService, domainfullname=com.bxb.modules.infrastructure.model.SysConst, fields={val=常量值, dspval=常量显示值, typename=常量类型, valordernum=常量值顺序号, type=常量类型码}, serviceinterfacefullname=com.bxb.modules.infrastructure.service.ISysConstService, daozhujiename=sysconstdao, updatefilename=update.jsp, servicepackagename=com.bxb.modules.infrastructure.service, bussnessmodule=infrastructure, servicefilename=SysConstService.java, collectionname=sysconst, listjsfilename=list.js, bussnesdomainnameL=sysconst, bussnesspackagename=com.bxb.modules.infrastructure, servicezhujiename=sysConstService, listfilename=list.jsp, servicefullname=com.bxb.modules.infrastructure.service.SysConstService, daofullname=com.bxb.modules.infrastructure.dao.SysConstDao, daopackagename=com.bxb.modules.infrastructure.dao, bussnesdomainname=SysConst, daoname=SysConstDao, controllerparentpath=backend, controllername=SysConstController, serviceinterfacefilename=ISysConstService.java}
2015-04-05 14:27:44.536 DEBUG generator.generators.front.GenAddJsp 69 genFile - 
生成文件完毕
F:\bx\gen\add.jsp
2015-04-05 14:27:44.541 DEBUG generator.util.NameGetter 34 getNames - bussnesspackagename[com.bxb.modules.infrastructure]
2015-04-05 14:27:44.542 DEBUG generator.util.NameGetter 38 getNames - bussnessmodule[infrastructure]
2015-04-05 14:27:44.542 DEBUG generator.util.NameGetter 76 getNames - servicezhujiename[sysConstService]
2015-04-05 14:27:44.543 DEBUG generator.generators.front.GenEditJsp 57 genFile - data
{detailfilename=detail.jsp, servicename=SysConstService, controllerfilename=SysConstController.java, jspfoldername=admin, controllerpackagename=com.bxb.modules.infrastructure.controller, domainname=常量, daofilename=SysConstDao.java, addfilename=add.jsp, serviceinterfacename=ISysConstService, domainfullname=com.bxb.modules.infrastructure.model.SysConst, fields={val=常量值, dspval=常量显示值, typename=常量类型, valordernum=常量值顺序号, type=常量类型码}, serviceinterfacefullname=com.bxb.modules.infrastructure.service.ISysConstService, daozhujiename=sysconstdao, updatefilename=update.jsp, servicepackagename=com.bxb.modules.infrastructure.service, bussnessmodule=infrastructure, servicefilename=SysConstService.java, collectionname=sysconst, listjsfilename=list.js, bussnesdomainnameL=sysconst, bussnesspackagename=com.bxb.modules.infrastructure, servicezhujiename=sysConstService, listfilename=list.jsp, servicefullname=com.bxb.modules.infrastructure.service.SysConstService, daofullname=com.bxb.modules.infrastructure.dao.SysConstDao, daopackagename=com.bxb.modules.infrastructure.dao, bussnesdomainname=SysConst, daoname=SysConstDao, controllerparentpath=backend, controllername=SysConstController, serviceinterfacefilename=ISysConstService.java}
2015-04-05 14:27:44.543 DEBUG generator.generators.front.GenEditJsp 69 genFile - 
生成文件完毕
F:\bx\gen\update.jsp
2015-04-05 14:27:44.545 DEBUG generator.util.NameGetter 34 getNames - bussnesspackagename[com.bxb.modules.infrastructure]
2015-04-05 14:27:44.546 DEBUG generator.util.NameGetter 38 getNames - bussnessmodule[infrastructure]
2015-04-05 14:27:44.546 DEBUG generator.util.NameGetter 76 getNames - servicezhujiename[sysConstService]
2015-04-05 14:27:44.546 DEBUG generator.generators.front.GenDetailJsp 56 genFile - data
{detailfilename=detail.jsp, servicename=SysConstService, controllerfilename=SysConstController.java, jspfoldername=admin, controllerpackagename=com.bxb.modules.infrastructure.controller, domainname=常量, daofilename=SysConstDao.java, addfilename=add.jsp, serviceinterfacename=ISysConstService, domainfullname=com.bxb.modules.infrastructure.model.SysConst, fields={val=常量值, dspval=常量显示值, typename=常量类型, valordernum=常量值顺序号, type=常量类型码}, serviceinterfacefullname=com.bxb.modules.infrastructure.service.ISysConstService, daozhujiename=sysconstdao, updatefilename=update.jsp, servicepackagename=com.bxb.modules.infrastructure.service, bussnessmodule=infrastructure, servicefilename=SysConstService.java, collectionname=sysconst, listjsfilename=list.js, bussnesdomainnameL=sysconst, bussnesspackagename=com.bxb.modules.infrastructure, servicezhujiename=sysConstService, listfilename=list.jsp, servicefullname=com.bxb.modules.infrastructure.service.SysConstService, daofullname=com.bxb.modules.infrastructure.dao.SysConstDao, daopackagename=com.bxb.modules.infrastructure.dao, bussnesdomainname=SysConst, daoname=SysConstDao, controllerparentpath=backend, controllername=SysConstController, serviceinterfacefilename=ISysConstService.java}
2015-04-05 14:27:44.547 DEBUG generator.generators.front.GenDetailJsp 68 genFile - 
生成文件完毕
F:\bx\gen\detail.jsp
2015-04-05 14:27:44.549 DEBUG generator.util.NameGetter 34 getNames - bussnesspackagename[com.bxb.modules.infrastructure]
2015-04-05 14:27:44.550 DEBUG generator.util.NameGetter 38 getNames - bussnessmodule[infrastructure]
2015-04-05 14:27:44.550 DEBUG generator.util.NameGetter 76 getNames - servicezhujiename[sysConstService]
2015-04-05 14:27:44.550 DEBUG generator.generators.front.GenListJsp 56 genFile - data
{detailfilename=detail.jsp, servicename=SysConstService, controllerfilename=SysConstController.java, jspfoldername=admin, controllerpackagename=com.bxb.modules.infrastructure.controller, domainname=常量, daofilename=SysConstDao.java, addfilename=add.jsp, serviceinterfacename=ISysConstService, domainfullname=com.bxb.modules.infrastructure.model.SysConst, fields={val=常量值, dspval=常量显示值, typename=常量类型, valordernum=常量值顺序号, type=常量类型码}, serviceinterfacefullname=com.bxb.modules.infrastructure.service.ISysConstService, daozhujiename=sysconstdao, updatefilename=update.jsp, servicepackagename=com.bxb.modules.infrastructure.service, bussnessmodule=infrastructure, servicefilename=SysConstService.java, collectionname=sysconst, listjsfilename=list.js, bussnesdomainnameL=sysconst, bussnesspackagename=com.bxb.modules.infrastructure, servicezhujiename=sysConstService, listfilename=list.jsp, servicefullname=com.bxb.modules.infrastructure.service.SysConstService, daofullname=com.bxb.modules.infrastructure.dao.SysConstDao, daopackagename=com.bxb.modules.infrastructure.dao, bussnesdomainname=SysConst, daoname=SysConstDao, controllerparentpath=backend, controllername=SysConstController, serviceinterfacefilename=ISysConstService.java}
2015-04-05 14:27:44.551 DEBUG generator.generators.front.GenListJsp 68 genFile - 
生成文件完毕
F:\bx\gen\list.jsp
2015-04-05 14:27:44.556 DEBUG generator.util.NameGetter 34 getNames - bussnesspackagename[com.bxb.modules.infrastructure]
2015-04-05 14:27:44.556 DEBUG generator.util.NameGetter 38 getNames - bussnessmodule[infrastructure]
2015-04-05 14:27:44.556 DEBUG generator.util.NameGetter 76 getNames - servicezhujiename[sysConstService]
2015-04-05 14:27:44.556 DEBUG generator.generators.front.GenListJs 56 genFile - data
{detailfilename=detail.jsp, servicename=SysConstService, controllerfilename=SysConstController.java, jspfoldername=admin, controllerpackagename=com.bxb.modules.infrastructure.controller, domainname=常量, daofilename=SysConstDao.java, addfilename=add.jsp, serviceinterfacename=ISysConstService, domainfullname=com.bxb.modules.infrastructure.model.SysConst, fields={val=常量值, dspval=常量显示值, typename=常量类型, valordernum=常量值顺序号, type=常量类型码}, serviceinterfacefullname=com.bxb.modules.infrastructure.service.ISysConstService, daozhujiename=sysconstdao, updatefilename=update.jsp, servicepackagename=com.bxb.modules.infrastructure.service, bussnessmodule=infrastructure, servicefilename=SysConstService.java, collectionname=sysconst, listjsfilename=list.js, bussnesdomainnameL=sysconst, bussnesspackagename=com.bxb.modules.infrastructure, servicezhujiename=sysConstService, listfilename=list.jsp, servicefullname=com.bxb.modules.infrastructure.service.SysConstService, daofullname=com.bxb.modules.infrastructure.dao.SysConstDao, daopackagename=com.bxb.modules.infrastructure.dao, bussnesdomainname=SysConst, daoname=SysConstDao, controllerparentpath=backend, controllername=SysConstController, serviceinterfacefilename=ISysConstService.java}
2015-04-05 14:27:44.557 DEBUG generator.generators.front.GenListJs 68 genFile - 
生成文件完毕
F:\bx\gen\list.js
2015-04-05 14:27:44.558 INFO  generator.generators.AllGenerator 44 main - 生成所有文件完毕！
